<?xml version="1.0" encoding="UTF-8"?>
<testng-results ignored="0" total="1" passed="1" failed="0" skipped="0">
  <reporter-output>
  </reporter-output>
  <suite started-at="2022-06-10T10:35:17Z" name="Default suite" finished-at="2022-06-10T10:35:46Z" duration-ms="29025">
    <groups>
    </groups>
    <test started-at="2022-06-10T10:35:17Z" name="Default test" finished-at="2022-06-10T10:35:46Z" duration-ms="29025">
      <class name="com.ecommerce.qa.testcases.JupiterTestCase1">
        <test-method is-config="true" signature="setUp()[pri:0, instance:com.ecommerce.qa.testcases.JupiterTestCase1@be68757]" started-at="2022-06-10T16:05:17Z" name="setUp" finished-at="2022-06-10T16:05:20Z" duration-ms="3711" status="PASS">
          <reporter-output>
          </reporter-output>
        </test-method> <!-- setUp -->
        <test-method signature="jupiterContactTest()[pri:0, instance:com.ecommerce.qa.testcases.JupiterTestCase1@be68757]" started-at="2022-06-10T16:05:20Z" name="jupiterContactTest" finished-at="2022-06-10T16:05:46Z" duration-ms="25237" status="PASS">
          <reporter-output>
          </reporter-output>
        </test-method> <!-- jupiterContactTest -->
        <test-method is-config="true" signature="close()[pri:0, instance:com.ecommerce.qa.testcases.JupiterTestCase1@be68757]" started-at="2022-06-10T16:05:46Z" name="close" finished-at="2022-06-10T16:05:46Z" duration-ms="62" status="PASS">
          <reporter-output>
          </reporter-output>
        </test-method> <!-- close -->
      </class> <!-- com.ecommerce.qa.testcases.JupiterTestCase1 -->
    </test> <!-- Default test -->
  </suite> <!-- Default suite -->
</testng-results>
